[36mvite v5.4.20 [32mbuilding for production...[36m[39m
transforming...
Browserslist: browsers data (caniuse-lite) is 15 months old. Please run:
  npx update-browserslist-db@latest
  Why you should do it regularly: https://github.com/browserslist/update-db#readme
[32m✓[39m 3215 modules transformed.
rendering chunks...
[1m[33m[plugin:vite:reporter][39m[22m [33m[plugin vite:reporter] 
(!) C:/OneTalent/node_modules/qrcode/lib/browser.js is dynamically imported by C:/OneTalent/client/src/pages/employees.tsx but also statically imported by C:/OneTalent/client/src/components/qr/driver-qr-generator.tsx, C:/OneTalent/client/src/lib/qr-utils.ts, C:/OneTalent/client/src/pages/employees.tsx, C:/OneTalent/client/src/pages/meetings.tsx, dynamic import will not move module into another chunk.
[39m
computing gzip size...
[2m../dist/public/[22m[32mindex.html                                                                [39m[1m[2m    3.18 kB[22m[1m[22m[2m │ gzip:   1.24 kB[22m
[2m../dist/public/[22m[32massets/WhatsApp Image 2024-11-30 at 13.08.33_1755505069008-DRfMc1-h.jpeg  [39m[1m[2m   15.88 kB[22m[1m[22m
[2m../dist/public/[22m[32massets/Picture1_1765606128281-4UTCc17L.jpg                                [39m[1m[2m  102.98 kB[22m[1m[22m
[2m../dist/public/[22m[32massets/pdf.worker.min-DjJoeDqY.mjs                                        [39m[1m[2m1,103.95 kB[22m[1m[22m
[2m../dist/public/[22m[35massets/index-Dd9MCI-b.css                                                 [39m[1m[2m  161.95 kB[22m[1m[22m[2m │ gzip:  23.47 kB[22m
[2m../dist/public/[22m[36massets/pdf.worker.min-B3QhnGq-.js                                         [39m[1m[2m    0.07 kB[22m[1m[22m[2m │ gzip:   0.09 kB[22m
[2m../dist/public/[22m[36massets/key-round-BiW0DGEF.js                                              [39m[1m[2m    0.52 kB[22m[1m[22m[2m │ gzip:   0.36 kB[22m
[2m../dist/public/[22m[36massets/WhatsApp Image 2024-11-30 at 13.08.33_1755505069008-ytwWDwkP.js    [39m[1m[2m    0.91 kB[22m[1m[22m[2m │ gzip:   0.49 kB[22m
[2m../dist/public/[22m[36massets/card-CLxoYkq-.js                                                   [39m[1m[2m    0.99 kB[22m[1m[22m[2m │ gzip:   0.37 kB[22m
[2m../dist/public/[22m[36massets/input-4J4uZJ5F.js                                                  [39m[1m[2m    2.01 kB[22m[1m[22m[2m │ gzip:   0.91 kB[22m
[2m../dist/public/[22m[36massets/reset-password-C3viS2T5.js                                         [39m[1m[2m    6.38 kB[22m[1m[22m[2m │ gzip:   2.09 kB[22m
[2m../dist/public/[22m[36massets/sidak-seatbelt-pdf-utils-CHqDOqGC.js                               [39m[1m[2m    7.44 kB[22m[1m[22m[2m │ gzip:   2.81 kB[22m
[2m../dist/public/[22m[36massets/login-D2k6iL2F.js                                                  [39m[1m[2m   11.19 kB[22m[1m[22m[2m │ gzip:   3.13 kB[22m
[2m../dist/public/[22m[36massets/purify.es-BFmuJLeH.js                                              [39m[1m[2m   21.93 kB[22m[1m[22m[2m │ gzip:   8.62 kB[22m
[2m../dist/public/[22m[36massets/mobile-driver-view-dSKdZ4Pg.js                                     [39m[1m[2m   37.43 kB[22m[1m[22m[2m │ gzip:   9.30 kB[22m
[2m../dist/public/[22m[36massets/driver-view-Cmkc7dMu.js                                            [39m[1m[2m   53.11 kB[22m[1m[22m[2m │ gzip:  14.15 kB[22m
[2m../dist/public/[22m[36massets/scroll-area-tCUSd7jE.js                                            [39m[1m[2m   74.48 kB[22m[1m[22m[2m │ gzip:  23.37 kB[22m
[2m../dist/public/[22m[36massets/types-BfVxBU2A.js                                                  [39m[1m[2m   93.56 kB[22m[1m[22m[2m │ gzip:  26.35 kB[22m
[2m../dist/public/[22m[36massets/index.es-B95mTFd0.js                                               [39m[1m[2m  150.86 kB[22m[1m[22m[2m │ gzip:  51.67 kB[22m
[2m../dist/public/[22m[36massets/html2canvas.esm-CBrSDip1.js                                        [39m[1m[2m  201.42 kB[22m[1m[22m[2m │ gzip:  48.03 kB[22m
[2m../dist/public/[22m[36massets/index-BdN8AxMa.js                                                  [39m[1m[2m  267.16 kB[22m[1m[22m[2m │ gzip:  87.60 kB[22m
[2m../dist/public/[22m[36massets/pdf-spMQ8uWE.js                                                    [39m[1m[33m  501.94 kB[39m[22m[2m │ gzip: 150.37 kB[22m
[2m../dist/public/[22m[36massets/workspace-DH-PyIjV.js                                              [39m[1m[33m2,046.39 kB[39m[22m[2m │ gzip: 577.48 kB[22m
[33m
(!) Some chunks are larger than 500 kB after minification. Consider:
- Using dynamic import() to code-split the application
- Use build.rollupOptions.output.manualChunks to improve chunking: https://rollupjs.org/configuration-options/#output-manualchunks
- Adjust chunk size limit for this warning via build.chunkSizeWarningLimit.[39m
[32m✓ built in 12.39s[39m
